{"uid":"16aa1f277611e0b1","name":"test_01_ote","fullName":"case_floor.appium_yemian#test_01_ote","historyId":"10b27c54eeaf07b1202213db00676113","time":{"start":1752045215031,"stop":1752045251738,"duration":36707},"status":"broken","statusMessage":"selenium.common.exceptions.TimeoutException: Message:","statusTrace":"def test_01_ote():\n    \n        print(\"===== 开始测试编辑笔记 =====\")\n    \n        # 1. 登录并进入首页\n>       driver = login_to_lightnote()\n                 ^^^^^^^^^^^^^^^^^^^^\n\n..\\case_floor\\appium_yemian.py:26: \n_ _ _ _ _ _ _ _ _ _ _ _ _ _ _ _ _ _ _ _ _ _ _ _ _ _ _ _ _ _ _ _ _ _ _ _ _ _ _ _\n..\\setting_floor\\appium_moni.py:61: in login_to_lightnote\n    login_button = WebDriverWait(driver, 15).until(\n_ _ _ _ _ _ _ _ _ _ _ _ _ _ _ _ _ _ _ _ _ _ _ _ _ _ _ _ _ _ _ _ _ _ _ _ _ _ _ _\n\nself = <selenium.webdriver.support.wait.WebDriverWait (session=\"b217bba8-57ee-405a-b195-b5a560531625\")>\nmethod = <selenium.webdriver.support.expected_conditions.element_to_be_clickable object at 0x000001F3B042F390>\nmessage = ''\n\n    def until(self, method, message=''):\n        \"\"\"Calls the method provided with the driver as an argument until the \\\n        return value is not False.\"\"\"\n        screen = None\n        stacktrace = None\n    \n        end_time = time.time() + self._timeout\n        while True:\n            try:\n                value = method(self._driver)\n                if value:\n                    return value\n            except self._ignored_exceptions as exc:\n                screen = getattr(exc, 'screen', None)\n                stacktrace = getattr(exc, 'stacktrace', None)\n            time.sleep(self._poll)\n            if time.time() > end_time:\n                break\n>       raise TimeoutException(message, screen, stacktrace)\nE       selenium.common.exceptions.TimeoutException: Message:\n\nH:\\python\\Lib\\site-packages\\selenium\\webdriver\\support\\wait.py:80: TimeoutException","flaky":false,"newFailed":false,"newBroken":false,"newPassed":false,"retriesCount":2,"retriesStatusChange":true,"beforeStages":[],"afterStages":[],"labels":[{"name":"parentSuite","value":"case_floor"},{"name":"suite","value":"appium_yemian"},{"name":"host","value":"LIUXUAN"},{"name":"thread","value":"26436-MainThread"},{"name":"framework","value":"pytest"},{"name":"language","value":"cpython3"},{"name":"package","value":"case_floor.appium_yemian"},{"name":"resultFormat","value":"allure2"}],"parameters":[],"links":[],"hidden":false,"retry":false,"extra":{"severity":"normal","retries":[{"uid":"3e0ac8a9329aa43a","status":"broken","statusDetails":"selenium.common.exceptions.WebDriverException: Message: An unknown server-side error occurred while processing the command. Original error: Could not proxy command to remote server. Original error: Error: socket hang up","time":{"start":1752042446194,"stop":1752042459779,"duration":13585}},{"uid":"1423babc59d13442","status":"passed","time":{"start":1752041625705,"stop":1752041700916,"duration":75211}}],"categories":[{"name":"Test defects","matchedStatuses":[],"flaky":false}],"tags":[]},"source":"16aa1f277611e0b1.json","parameterValues":[]}